<component name="libraryTable">
  <library name="JUnit">
    <CLASSES>
      <root url="file://$PROJECT_DIR$/../../../../03_Libs/JUnit" />
    </CLASSES>
    <JAVADOC>
      <root url="jar://$PROJECT_DIR$/../../../../03_Libs/JUnit/hamcrest-core-1.3-javadoc.jar!/" />
      <root url="jar://$PROJECT_DIR$/../../../../03_Libs/JUnit/junit-4.12-javadoc.jar!/" />
    </JAVADOC>
    <SOURCES>
      <root url="file://$PROJECT_DIR$/../../../../03_Libs/JUnit" />
    </SOURCES>
    <jarDirectory url="file://$PROJECT_DIR$/../../../../03_Libs/JUnit" recursive="false" />
    <jarDirectory url="file://$PROJECT_DIR$/../../../../03_Libs/JUnit" recursive="false" type="SOURCES" />
  </library>
</component>